LoadingScence.obj : error LNK2019: "public: void __cdecl JEngine::BitMap::Draw(int,int)" (?Draw@BitMap@JEngine@@QEAAXHH@Z) 외부 기호(참조 위치: "public: void __cdecl LoadingScence::Draw(struct HDC__ *)" (?Draw@LoadingScence@@QEAAXPEAUHDC__@@@Z) 함수)에서 확인하지 못했습니다.
PaperGameScene.obj : error LNK2001: "public: void __cdecl JEngine::BitMap::Draw(int,int)" (?Draw@BitMap@JEngine@@QEAAXHH@Z) 외부 기호를 확인할 수 없습니다.
LoadingScence.obj : error LNK2019: "public: void __cdecl JEngine::BitMap::DrawAlpha(int,int)" (?DrawAlpha@BitMap@JEngine@@QEAAXHH@Z) 외부 기호(참조 위치: "public: void __cdecl LoadingScence::Draw(struct HDC__ *)" (?Draw@LoadingScence@@QEAAXPEAUHDC__@@@Z) 함수)에서 확인하지 못했습니다.
TitleScene.obj : error LNK2019: "public: class JEngine::BitMap * __cdecl JEngine::ResoucesManager::GetBitmap(class std::basic_string<char,struct std::char_traits<char>,class std::allocator<char> >)" (?GetBitmap@ResoucesManager@JEngine@@QEAAPEAVBitMap@2@V?$basic_string@DU?$char_traits@D@std@@V?$allocator@D@2@@std@@@Z) 외부 기호(참조 위치: "public: class std::_String_val<struct std::_Simple_types<char> > const & __cdecl std::_String_alloc<struct std::_String_base_types<char,class std::allocator<char> > >::_Get_data(void)const " (?_Get_data@?$_String_alloc@U?$_String_base_types@DV?$allocator@D@std@@@std@@@std@@QEBAAEBV?$_String_val@U?$_Simple_types@D@std@@@2@XZ) 함수)에서 확인하지 못했습니다.
LoadingScence.obj : error LNK2001: "public: class JEngine::BitMap * __cdecl JEngine::ResoucesManager::GetBitmap(class std::basic_string<char,struct std::char_traits<char>,class std::allocator<char> >)" (?GetBitmap@ResoucesManager@JEngine@@QEAAPEAVBitMap@2@V?$basic_string@DU?$char_traits@D@std@@V?$allocator@D@2@@std@@@Z) 외부 기호를 확인할 수 없습니다.
PaperGameScene.obj : error LNK2001: "public: class JEngine::BitMap * __cdecl JEngine::ResoucesManager::GetBitmap(class std::basic_string<char,struct std::char_traits<char>,class std::allocator<char> >)" (?GetBitmap@ResoucesManager@JEngine@@QEAAPEAVBitMap@2@V?$basic_string@DU?$char_traits@D@std@@V?$allocator@D@2@@std@@@Z) 외부 기호를 확인할 수 없습니다.
PlaneGameScence.obj : error LNK2001: "public: class JEngine::BitMap * __cdecl JEngine::ResoucesManager::GetBitmap(class std::basic_string<char,struct std::char_traits<char>,class std::allocator<char> >)" (?GetBitmap@ResoucesManager@JEngine@@QEAAPEAVBitMap@2@V?$basic_string@DU?$char_traits@D@std@@V?$allocator@D@2@@std@@@Z) 외부 기호를 확인할 수 없습니다.
SelectScence.obj : error LNK2001: "public: class JEngine::BitMap * __cdecl JEngine::ResoucesManager::GetBitmap(class std::basic_string<char,struct std::char_traits<char>,class std::allocator<char> >)" (?GetBitmap@ResoucesManager@JEngine@@QEAAPEAVBitMap@2@V?$basic_string@DU?$char_traits@D@std@@V?$allocator@D@2@@std@@@Z) 외부 기호를 확인할 수 없습니다.
TitleScene.obj : error LNK2019: "public: __cdecl JEngine::ResoucesManager::ResoucesManager(void)" (??0ResoucesManager@JEngine@@QEAA@XZ) 외부 기호(참조 위치: "int `public: __cdecl std::_String_alloc<struct std::_String_base_types<char,class std::allocator<char> > >::_String_alloc<struct std::_String_base_types<char,class std::allocator<char> > >(void)'::`1'::dtor$0" (?dtor$0@?0???0?$_String_alloc@U?$_String_base_types@DV?$allocator@D@std@@@std@@@std@@QEAA@XZ@4HA) 함수)에서 확인하지 못했습니다.
LoadingScence.obj : error LNK2001: "public: __cdecl JEngine::ResoucesManager::ResoucesManager(void)" (??0ResoucesManager@JEngine@@QEAA@XZ) 외부 기호를 확인할 수 없습니다.
PaperGameScene.obj : error LNK2001: "public: __cdecl JEngine::ResoucesManager::ResoucesManager(void)" (??0ResoucesManager@JEngine@@QEAA@XZ) 외부 기호를 확인할 수 없습니다.
PlaneGameScence.obj : error LNK2001: "public: __cdecl JEngine::ResoucesManager::ResoucesManager(void)" (??0ResoucesManager@JEngine@@QEAA@XZ) 외부 기호를 확인할 수 없습니다.
SelectScence.obj : error LNK2001: "public: __cdecl JEngine::ResoucesManager::ResoucesManager(void)" (??0ResoucesManager@JEngine@@QEAA@XZ) 외부 기호를 확인할 수 없습니다.
PaperGameScene.obj : error LNK2019: "public: __cdecl JEngine::Scene::Scene(void)" (??0Scene@JEngine@@QEAA@XZ) 외부 기호(참조 위치: "public: __cdecl PaperGameScene::PaperGameScene(void)" (??0PaperGameScene@@QEAA@XZ) 함수)에서 확인하지 못했습니다.
PlaneGameScence.obj : error LNK2001: "public: __cdecl JEngine::Scene::Scene(void)" (??0Scene@JEngine@@QEAA@XZ) 외부 기호를 확인할 수 없습니다.
SelectScence.obj : error LNK2001: "public: __cdecl JEngine::Scene::Scene(void)" (??0Scene@JEngine@@QEAA@XZ) 외부 기호를 확인할 수 없습니다.
TitleScene.obj : error LNK2001: "public: __cdecl JEngine::Scene::Scene(void)" (??0Scene@JEngine@@QEAA@XZ) 외부 기호를 확인할 수 없습니다.
PaperGameScene.obj : error LNK2019: "public: virtual __cdecl JEngine::Scene::~Scene(void)" (??1Scene@JEngine@@UEAA@XZ) 외부 기호(참조 위치: "int `public: __cdecl PaperGameScene::PaperGameScene(void)'::`1'::dtor$0" (?dtor$0@?0???0PaperGameScene@@QEAA@XZ@4HA) 함수)에서 확인하지 못했습니다.
PlaneGameScence.obj : error LNK2001: "public: virtual __cdecl JEngine::Scene::~Scene(void)" (??1Scene@JEngine@@UEAA@XZ) 외부 기호를 확인할 수 없습니다.
SelectScence.obj : error LNK2001: "public: virtual __cdecl JEngine::Scene::~Scene(void)" (??1Scene@JEngine@@UEAA@XZ) 외부 기호를 확인할 수 없습니다.
TitleScene.obj : error LNK2001: "public: virtual __cdecl JEngine::Scene::~Scene(void)" (??1Scene@JEngine@@UEAA@XZ) 외부 기호를 확인할 수 없습니다.
PaperGameScene.obj : error LNK2019: "public: void __cdecl JEngine::BitMap::DrawBitblt(int,int)" (?DrawBitblt@BitMap@JEngine@@QEAAXHH@Z) 외부 기호(참조 위치: "public: virtual void __cdecl PaperGameScene::Draw(struct HDC__ *)" (?Draw@PaperGameScene@@UEAAXPEAUHDC__@@@Z) 함수)에서 확인하지 못했습니다.
PlaneGameScence.obj : error LNK2001: "public: void __cdecl JEngine::BitMap::DrawBitblt(int,int)" (?DrawBitblt@BitMap@JEngine@@QEAAXHH@Z) 외부 기호를 확인할 수 없습니다.
SelectScence.obj : error LNK2001: "public: void __cdecl JEngine::BitMap::DrawBitblt(int,int)" (?DrawBitblt@BitMap@JEngine@@QEAAXHH@Z) 외부 기호를 확인할 수 없습니다.
TitleScene.obj : error LNK2001: "public: void __cdecl JEngine::BitMap::DrawBitblt(int,int)" (?DrawBitblt@BitMap@JEngine@@QEAAXHH@Z) 외부 기호를 확인할 수 없습니다.
PaperGameScene.obj : error LNK2019: "public: void __cdecl JEngine::InputManager::RegistKeyCode(int)" (?RegistKeyCode@InputManager@JEngine@@QEAAXH@Z) 외부 기호(참조 위치: "public: virtual void __cdecl PaperGameScene::Init(struct HWND__ *)" (?Init@PaperGameScene@@UEAAXPEAUHWND__@@@Z) 함수)에서 확인하지 못했습니다.
SelectScence.obj : error LNK2001: "public: void __cdecl JEngine::InputManager::RegistKeyCode(int)" (?RegistKeyCode@InputManager@JEngine@@QEAAXH@Z) 외부 기호를 확인할 수 없습니다.
PaperGameScene.obj : error LNK2019: "public: void __cdecl JEngine::InputManager::Clear(void)" (?Clear@InputManager@JEngine@@QEAAXXZ) 외부 기호(참조 위치: "public: virtual void __cdecl PaperGameScene::Init(struct HWND__ *)" (?Init@PaperGameScene@@UEAAXPEAUHWND__@@@Z) 함수)에서 확인하지 못했습니다.
SelectScence.obj : error LNK2001: "public: void __cdecl JEngine::InputManager::Clear(void)" (?Clear@InputManager@JEngine@@QEAAXXZ) 외부 기호를 확인할 수 없습니다.
PaperGameScene.obj : error LNK2019: "public: bool __cdecl JEngine::InputManager::isKeyDown(int)" (?isKeyDown@InputManager@JEngine@@QEAA_NH@Z) 외부 기호(참조 위치: "public: virtual bool __cdecl PaperGameScene::Input(float)" (?Input@PaperGameScene@@UEAA_NM@Z) 함수)에서 확인하지 못했습니다.
PaperGameScene.obj : error LNK2019: "public: __cdecl JEngine::InputManager::InputManager(void)" (??0InputManager@JEngine@@QEAA@XZ) 외부 기호(참조 위치: "public: static class JEngine::InputManager * __cdecl SingleTon<class JEngine::InputManager>::GetInstance(void)" (?GetInstance@?$SingleTon@VInputManager@JEngine@@@@SAPEAVInputManager@JEngine@@XZ) 함수)에서 확인하지 못했습니다.
SelectScence.obj : error LNK2001: "public: __cdecl JEngine::InputManager::InputManager(void)" (??0InputManager@JEngine@@QEAA@XZ) 외부 기호를 확인할 수 없습니다.
PaperGameScene.obj : error LNK2019: "public: void __cdecl JEngine::UIManager::AddButton(int,int,class std::basic_string<char,struct std::char_traits<char>,class std::allocator<char> >,class std::function<bool __cdecl(void)>)" (?AddButton@UIManager@JEngine@@QEAAXHHV?$basic_string@DU?$char_traits@D@std@@V?$allocator@D@2@@std@@V?$function@$$A6A_NXZ@4@@Z) 외부 기호(참조 위치: "public: virtual void __cdecl PaperGameScene::Init(struct HWND__ *)" (?Init@PaperGameScene@@UEAAXPEAUHWND__@@@Z) 함수)에서 확인하지 못했습니다.
SelectScence.obj : error LNK2001: "public: void __cdecl JEngine::UIManager::AddButton(int,int,class std::basic_string<char,struct std::char_traits<char>,class std::allocator<char> >,class std::function<bool __cdecl(void)>)" (?AddButton@UIManager@JEngine@@QEAAXHHV?$basic_string@DU?$char_traits@D@std@@V?$allocator@D@2@@std@@V?$function@$$A6A_NXZ@4@@Z) 외부 기호를 확인할 수 없습니다.
PaperGameScene.obj : error LNK2019: "public: void __cdecl JEngine::UIManager::Draw(void)" (?Draw@UIManager@JEngine@@QEAAXXZ) 외부 기호(참조 위치: "public: virtual void __cdecl PaperGameScene::Draw(struct HDC__ *)" (?Draw@PaperGameScene@@UEAAXPEAUHDC__@@@Z) 함수)에서 확인하지 못했습니다.
SelectScence.obj : error LNK2001: "public: void __cdecl JEngine::UIManager::Draw(void)" (?Draw@UIManager@JEngine@@QEAAXXZ) 외부 기호를 확인할 수 없습니다.
PaperGameScene.obj : error LNK2019: "public: __cdecl JEngine::UIManager::UIManager(void)" (??0UIManager@JEngine@@QEAA@XZ) 외부 기호(참조 위치: "public: static class JEngine::UIManager * __cdecl SingleTon<class JEngine::UIManager>::GetInstance(void)" (?GetInstance@?$SingleTon@VUIManager@JEngine@@@@SAPEAVUIManager@JEngine@@XZ) 함수)에서 확인하지 못했습니다.
SelectScence.obj : error LNK2001: "public: __cdecl JEngine::UIManager::UIManager(void)" (??0UIManager@JEngine@@QEAA@XZ) 외부 기호를 확인할 수 없습니다.
Main.obj : error LNK2019: "public: int __cdecl JEngine::EngineMain::StartEngine(struct HINSTANCE__ *)" (?StartEngine@EngineMain@JEngine@@QEAAHPEAUHINSTANCE__@@@Z) 외부 기호(참조 위치: WinMain 함수)에서 확인하지 못했습니다.
Main.obj : error LNK2019: "public: __cdecl JEngine::EngineMain::EngineMain(class std::basic_string<char,struct std::char_traits<char>,class std::allocator<char> >,int,int)" (??0EngineMain@JEngine@@QEAA@V?$basic_string@DU?$char_traits@D@std@@V?$allocator@D@2@@std@@HH@Z) 외부 기호(참조 위치: WinMain 함수)에서 확인하지 못했습니다.
Main.obj : error LNK2019: "public: __cdecl JEngine::EngineMain::~EngineMain(void)" (??1EngineMain@JEngine@@QEAA@XZ) 외부 기호(참조 위치: WinMain 함수)에서 확인하지 못했습니다.
Main.obj : error LNK2019: "private: __cdecl JEngine::SceneManager::SceneManager(void)" (??0SceneManager@JEngine@@AEAA@XZ) 외부 기호(참조 위치: "public: static class JEngine::SceneManager * __cdecl JEngine::SceneManager::GetInstance(void)" (?GetInstance@SceneManager@JEngine@@SAPEAV12@XZ) 함수)에서 확인하지 못했습니다.
SelectScence.obj : error LNK2001: "private: __cdecl JEngine::SceneManager::SceneManager(void)" (??0SceneManager@JEngine@@AEAA@XZ) 외부 기호를 확인할 수 없습니다.
TitleScene.obj : error LNK2001: "private: __cdecl JEngine::SceneManager::SceneManager(void)" (??0SceneManager@JEngine@@AEAA@XZ) 외부 기호를 확인할 수 없습니다.
Main.obj : error LNK2019: "public: void __cdecl JEngine::SceneManager::RegistScene(class JEngine::Scene *)" (?RegistScene@SceneManager@JEngine@@QEAAXPEAVScene@2@@Z) 외부 기호(참조 위치: WinMain 함수)에서 확인하지 못했습니다.
Main.obj : error LNK2001: "private: static class JEngine::SceneManager * JEngine::SceneManager::s_this" (?s_this@SceneManager@JEngine@@0PEAV12@EA) 외부 기호를 확인할 수 없습니다.
SelectScence.obj : error LNK2001: "private: static class JEngine::SceneManager * JEngine::SceneManager::s_this" (?s_this@SceneManager@JEngine@@0PEAV12@EA) 외부 기호를 확인할 수 없습니다.
TitleScene.obj : error LNK2001: "private: static class JEngine::SceneManager * JEngine::SceneManager::s_this" (?s_this@SceneManager@JEngine@@0PEAV12@EA) 외부 기호를 확인할 수 없습니다.
SelectScence.obj : error LNK2019: "public: void __cdecl JEngine::SceneManager::LoadScene(int)" (?LoadScene@SceneManager@JEngine@@QEAAXH@Z) 외부 기호(참조 위치: "public: virtual void __cdecl SelectScence::Update(float)" (?Update@SelectScence@@UEAAXM@Z) 함수)에서 확인하지 못했습니다.
TitleScene.obj : error LNK2001: "public: void __cdecl JEngine::SceneManager::LoadScene(int)" (?LoadScene@SceneManager@JEngine@@QEAAXH@Z) 외부 기호를 확인할 수 없습니다.
..\Debug\Lib.lib : warning LNK4272: 'x86' 라이브러리 컴퓨터 종류가 'x64' 대상 컴퓨터 종류와 충돌합니다.
D:\Github\ModuGame\ModuGame\x64\Debug\ModuGame.exe : fatal error LNK1120: 21개의 확인할 수 없는 외부 참조입니다.
