  BitMap.cpp
d:\github\modugame\modugame\lib\bitmap.cpp(33): error C2664: 'HANDLE LoadImageW(HINSTANCE,LPCWSTR,UINT,int,int,UINT)': 인수 2을(를) 'const _Elem *'에서 'LPCWSTR'(으)로 변환할 수 없습니다.
          with
          [
              _Elem=char
          ]
  d:\github\modugame\modugame\lib\bitmap.cpp(34): note: 가리킨 형식이 관련이 없습니다. 변환하려면 reinterpret_cast, C 스타일 캐스트 또는 함수 스타일 캐스트가 필요합니다.
d:\github\modugame\modugame\lib\bitmap.cpp(38): error C2664: 'int MessageBoxW(HWND,LPCWSTR,LPCWSTR,UINT)': 인수 2을(를) 'const _Elem *'에서 'LPCWSTR'(으)로 변환할 수 없습니다.
          with
          [
              _Elem=char
          ]
  d:\github\modugame\modugame\lib\bitmap.cpp(38): note: 가리킨 형식이 관련이 없습니다. 변환하려면 reinterpret_cast, C 스타일 캐스트 또는 함수 스타일 캐스트가 필요합니다.
d:\github\modugame\modugame\lib\bitmap.cpp(53): warning C4244: '-=': 'float'에서 'int'(으)로 변환하면서 데이터가 손실될 수 있습니다.
d:\github\modugame\modugame\lib\bitmap.cpp(54): warning C4244: '-=': 'float'에서 'int'(으)로 변환하면서 데이터가 손실될 수 있습니다.
d:\github\modugame\modugame\lib\bitmap.cpp(78): warning C4244: '인수': 'float'에서 'int'(으)로 변환하면서 데이터가 손실될 수 있습니다.
  Label.cpp
d:\github\modugame\modugame\lib\label.cpp(18): error C2664: 'BOOL GetTextExtentPoint32W(HDC,LPCWSTR,int,LPSIZE)': 인수 2을(를) 'const _Elem *'에서 'LPCWSTR'(으)로 변환할 수 없습니다.
          with
          [
              _Elem=char
          ]
  d:\github\modugame\modugame\lib\label.cpp(18): note: 가리킨 형식이 관련이 없습니다. 변환하려면 reinterpret_cast, C 스타일 캐스트 또는 함수 스타일 캐스트가 필요합니다.
d:\github\modugame\modugame\lib\label.cpp(29): error C2664: 'int DrawTextW(HDC,LPCWSTR,int,LPRECT,UINT)': 인수 2을(를) 'const _Elem *'에서 'LPCWSTR'(으)로 변환할 수 없습니다.
          with
          [
              _Elem=char
          ]
  d:\github\modugame\modugame\lib\label.cpp(30): note: 가리킨 형식이 관련이 없습니다. 변환하려면 reinterpret_cast, C 스타일 캐스트 또는 함수 스타일 캐스트가 필요합니다.
  코드를 생성하고 있습니다...
